Flow report for radioberry
Wed Oct 02 17:06:41 2019
Quartus Prime Version 18.1.0 Build 625 09/12/2018 SJ Lite Edition


---------------------
; Table of Contents ;
---------------------
  1. Legal Notice
  2. Flow Summary
  3. Flow Settings
  4. Flow Non-Default Global Settings
  5. Flow Elapsed Time
  6. Flow OS Summary
  7. Flow Log
  8. Flow Messages
  9. Flow Suppressed Messages



----------------
; Legal Notice ;
----------------
Copyright (C) 2018  Intel Corporation. All rights reserved.
Your use of Intel Corporation's design tools, logic functions 
and other software and tools, and its AMPP partner logic 
functions, and any output files from any of the foregoing 
(including device programming or simulation files), and any 
associated documentation or information are expressly subject 
to the terms and conditions of the Intel Program License 
Subscription Agreement, the Intel Quartus Prime License Agreement,
the Intel FPGA IP License Agreement, or other applicable license
agreement, including, without limitation, that your use is for
the sole purpose of programming logic devices manufactured by
Intel and sold by Intel or its authorized distributors.  Please
refer to the applicable agreement for further details.



+----------------------------------------------------------------------------------+
; Flow Summary                                                                     ;
+------------------------------------+---------------------------------------------+
; Flow Status                        ; Successful - Wed Oct 02 17:06:22 2019       ;
; Quartus Prime Version              ; 18.1.0 Build 625 09/12/2018 SJ Lite Edition ;
; Revision Name                      ; radioberry                                  ;
; Top-level Entity Name              ; hermeslite                                  ;
; Family                             ; Cyclone 10 LP                               ;
; Device                             ; 10CL025YE144C8G                             ;
; Timing Models                      ; Final                                       ;
; Total logic elements               ; 23,567 / 24,624 ( 96 % )                    ;
;     Total combinational functions  ; 17,942 / 24,624 ( 73 % )                    ;
;     Dedicated logic registers      ; 19,766 / 24,624 ( 80 % )                    ;
; Total registers                    ; 19792                                       ;
; Total pins                         ; 32 / 77 ( 42 % )                            ;
; Total virtual pins                 ; 0                                           ;
; Total memory bits                  ; 415,232 / 608,256 ( 68 % )                  ;
; Embedded Multiplier 9-bit elements ; 132 / 132 ( 100 % )                         ;
; Total PLLs                         ; 1 / 4 ( 25 % )                              ;
+------------------------------------+---------------------------------------------+


+-----------------------------------------+
; Flow Settings                           ;
+-------------------+---------------------+
; Option            ; Setting             ;
+-------------------+---------------------+
; Start date & time ; 10/02/2019 16:55:32 ;
; Main task         ; Compilation         ;
; Revision Name     ; radioberry          ;
+-------------------+---------------------+


+-------------------------------------------------------------------------------------------------------------------------+
; Flow Non-Default Global Settings                                                                                        ;
+-------------------------------------+----------------------------------------+---------------+-------------+------------+
; Assignment Name                     ; Value                                  ; Default Value ; Entity Name ; Section Id ;
+-------------------------------------+----------------------------------------+---------------+-------------+------------+
; ALLOW_REGISTER_RETIMING             ; Off                                    ; On            ; --          ; --         ;
; COMPILER_SIGNATURE_ID               ; 268883491400659.157002813105556        ; --            ; --          ; --         ;
; FITTER_EFFORT                       ; Standard Fit                           ; Auto Fit      ; --          ; --         ;
; MAX_CORE_JUNCTION_TEMP              ; 85                                     ; --            ; --          ; --         ;
; MIN_CORE_JUNCTION_TEMP              ; 0                                      ; --            ; --          ; --         ;
; OPTIMIZATION_MODE                   ; High Performance Effort                ; Balanced      ; --          ; --         ;
; OUTPUT_IO_TIMING_FAR_END_VMEAS      ; Half Signal Swing                      ; --            ; --          ; --         ;
; OUTPUT_IO_TIMING_FAR_END_VMEAS      ; Half Signal Swing                      ; --            ; --          ; --         ;
; OUTPUT_IO_TIMING_NEAR_END_VMEAS     ; Half Vccio                             ; --            ; --          ; --         ;
; OUTPUT_IO_TIMING_NEAR_END_VMEAS     ; Half Vccio                             ; --            ; --          ; --         ;
; PARTITION_COLOR                     ; -- (Not supported for targeted family) ; --            ; hermeslite  ; Top        ;
; PARTITION_FITTER_PRESERVATION_LEVEL ; -- (Not supported for targeted family) ; --            ; hermeslite  ; Top        ;
; PARTITION_NETLIST_TYPE              ; -- (Not supported for targeted family) ; --            ; hermeslite  ; Top        ;
; PHYSICAL_SYNTHESIS_COMBO_LOGIC      ; On                                     ; Off           ; --          ; --         ;
; PLACEMENT_EFFORT_MULTIPLIER         ; 4.0                                    ; 1.0           ; --          ; --         ;
; POWER_BOARD_THERMAL_MODEL           ; None (CONSERVATIVE)                    ; --            ; --          ; --         ;
; POWER_PRESET_COOLING_SOLUTION       ; 23 MM HEAT SINK WITH 200 LFPM AIRFLOW  ; --            ; --          ; --         ;
; PROJECT_OUTPUT_DIRECTORY            ; radioberry                             ; --            ; --          ; --         ;
; ROUTER_TIMING_OPTIMIZATION_LEVEL    ; MAXIMUM                                ; Normal        ; --          ; --         ;
; TOP_LEVEL_ENTITY                    ; hermeslite                             ; radioberry    ; --          ; --         ;
; VERILOG_INPUT_VERSION               ; SystemVerilog_2005                     ; Verilog_2001  ; --          ; --         ;
; VERILOG_MACRO                       ; USE_ALTSYNCRAM=1                       ; --            ; --          ; --         ;
; VERILOG_SHOW_LMF_MAPPING_MESSAGES   ; Off                                    ; --            ; --          ; --         ;
+-------------------------------------+----------------------------------------+---------------+-------------+------------+


+--------------------------------------------------------------------------------------------------------------------------+
; Flow Elapsed Time                                                                                                        ;
+----------------------+--------------+-------------------------+---------------------+------------------------------------+
; Module Name          ; Elapsed Time ; Average Processors Used ; Peak Virtual Memory ; Total CPU Time (on all processors) ;
+----------------------+--------------+-------------------------+---------------------+------------------------------------+
; Analysis & Synthesis ; 00:02:22     ; 1.0                     ; 5147 MB             ; 00:02:45                           ;
; Fitter               ; 00:08:09     ; 1.1                     ; 5738 MB             ; 00:13:02                           ;
; Assembler            ; 00:00:04     ; 1.0                     ; 4781 MB             ; 00:00:04                           ;
; Timing Analyzer      ; 00:00:17     ; 1.3                     ; 5042 MB             ; 00:00:21                           ;
; Total                ; 00:10:52     ; --                      ; --                  ; 00:16:12                           ;
+----------------------+--------------+-------------------------+---------------------+------------------------------------+


+------------------------------------------------------------------------------------+
; Flow OS Summary                                                                    ;
+----------------------+------------------+------------+------------+----------------+
; Module Name          ; Machine Hostname ; OS Name    ; OS Version ; Processor type ;
+----------------------+------------------+------------+------------+----------------+
; Analysis & Synthesis ; LAPTOP-E9KMQT1S  ; Windows 10 ; 10.0       ; x86_64         ;
; Fitter               ; LAPTOP-E9KMQT1S  ; Windows 10 ; 10.0       ; x86_64         ;
; Assembler            ; LAPTOP-E9KMQT1S  ; Windows 10 ; 10.0       ; x86_64         ;
; Timing Analyzer      ; LAPTOP-E9KMQT1S  ; Windows 10 ; 10.0       ; x86_64         ;
+----------------------+------------------+------------+------------+----------------+


------------
; Flow Log ;
------------
quartus_map --read_settings_files=on --write_settings_files=off hermeslite -c radioberry
quartus_fit --read_settings_files=off --write_settings_files=off hermeslite -c radioberry
quartus_asm --read_settings_files=off --write_settings_files=off hermeslite -c radioberry
quartus_sta hermeslite -c radioberry



