Assembler report for hl2b5up
Tue Oct 01 18:53:48 2019
Quartus Prime Version 18.1.0 Build 625 09/12/2018 SJ Lite Edition


---------------------
; Table of Contents ;
---------------------
  1. Legal Notice
  2. Assembler Summary
  3. Assembler Settings
  4. Assembler Generated Files
  5. Assembler Device Options: C:/dev/git/Radioberry-2.x/gateware-ethernet-p1/hl2b5up/hl2b5up.sof
  6. Assembler Device Options: C:/dev/git/Radioberry-2.x/gateware-ethernet-p1/hl2b5up/hl2b5up.pof
  7. Assembler Device Options: C:/dev/git/Radioberry-2.x/gateware-ethernet-p1/hl2b5up/hl2b5up.rbf
  8. Assembler Messages



----------------
; Legal Notice ;
----------------
Copyright (C) 2018  Intel Corporation. All rights reserved.
Your use of Intel Corporation's design tools, logic functions 
and other software and tools, and its AMPP partner logic 
functions, and any output files from any of the foregoing 
(including device programming or simulation files), and any 
associated documentation or information are expressly subject 
to the terms and conditions of the Intel Program License 
Subscription Agreement, the Intel Quartus Prime License Agreement,
the Intel FPGA IP License Agreement, or other applicable license
agreement, including, without limitation, that your use is for
the sole purpose of programming logic devices manufactured by
Intel and sold by Intel or its authorized distributors.  Please
refer to the applicable agreement for further details.



+---------------------------------------------------------------+
; Assembler Summary                                             ;
+-----------------------+---------------------------------------+
; Assembler Status      ; Successful - Tue Oct 01 18:53:48 2019 ;
; Revision Name         ; hl2b5up                               ;
; Top-level Entity Name ; hermeslite                            ;
; Family                ; Cyclone IV E                          ;
; Device                ; EP4CE22E22C8                          ;
+-----------------------+---------------------------------------+


+----------------------------------+
; Assembler Settings               ;
+--------+---------+---------------+
; Option ; Setting ; Default Value ;
+--------+---------+---------------+


+--------------------------------------------------------------------+
; Assembler Generated Files                                          ;
+--------------------------------------------------------------------+
; File Name                                                          ;
+--------------------------------------------------------------------+
; C:/dev/git/Radioberry-2.x/gateware-ethernet-p1/hl2b5up/hl2b5up.sof ;
; C:/dev/git/Radioberry-2.x/gateware-ethernet-p1/hl2b5up/hl2b5up.pof ;
; C:/dev/git/Radioberry-2.x/gateware-ethernet-p1/hl2b5up/hl2b5up.rbf ;
+--------------------------------------------------------------------+


+----------------------------------------------------------------------------------------------+
; Assembler Device Options: C:/dev/git/Radioberry-2.x/gateware-ethernet-p1/hl2b5up/hl2b5up.sof ;
+----------------+-----------------------------------------------------------------------------+
; Option         ; Setting                                                                     ;
+----------------+-----------------------------------------------------------------------------+
; JTAG usercode  ; 0x00CC173A                                                                  ;
; Checksum       ; 0x00CC173A                                                                  ;
+----------------+-----------------------------------------------------------------------------+


+----------------------------------------------------------------------------------------------+
; Assembler Device Options: C:/dev/git/Radioberry-2.x/gateware-ethernet-p1/hl2b5up/hl2b5up.pof ;
+--------------------+-------------------------------------------------------------------------+
; Option             ; Setting                                                                 ;
+--------------------+-------------------------------------------------------------------------+
; JTAG usercode      ; 0x00000000                                                              ;
; Checksum           ; 0x1BD6C163                                                              ;
; Compression Ratio  ; 1                                                                       ;
+--------------------+-------------------------------------------------------------------------+


+----------------------------------------------------------------------------------------------+
; Assembler Device Options: C:/dev/git/Radioberry-2.x/gateware-ethernet-p1/hl2b5up/hl2b5up.rbf ;
+---------------------+------------------------------------------------------------------------+
; Option              ; Setting                                                                ;
+---------------------+------------------------------------------------------------------------+
; Raw Binary File     ;                                                                        ;
;  Compression Ratio  ; 1                                                                      ;
+---------------------+------------------------------------------------------------------------+


+--------------------+
; Assembler Messages ;
+--------------------+
Info: *******************************************************************
Info: Running Quartus Prime Assembler
    Info: Version 18.1.0 Build 625 09/12/2018 SJ Lite Edition
    Info: Processing started: Tue Oct 01 18:53:44 2019
Info: Command: quartus_asm --read_settings_files=off --write_settings_files=off hermeslite -c hl2b5up
Warning (18236): Number of processors has not been specified which may cause overloading on shared machines.  Set the global assignment NUM_PARALLEL_PROCESSORS in your QSF to an appropriate value for best performance.
Info (115031): Writing out detailed assembly data for power analysis
Info (115030): Assembler is generating device programming files
Info: Quartus Prime Assembler was successful. 0 errors, 1 warning
    Info: Peak virtual memory: 4761 megabytes
    Info: Processing ended: Tue Oct 01 18:53:49 2019
    Info: Elapsed time: 00:00:05
    Info: Total CPU time (on all processors): 00:00:04


