Flow report for hl2b5up
Tue Oct 01 18:54:09 2019
Quartus Prime Version 18.1.0 Build 625 09/12/2018 SJ Lite Edition


---------------------
; Table of Contents ;
---------------------
  1. Legal Notice
  2. Flow Summary
  3. Flow Settings
  4. Flow Non-Default Global Settings
  5. Flow Elapsed Time
  6. Flow OS Summary
  7. Flow Log
  8. Flow Messages
  9. Flow Suppressed Messages



----------------
; Legal Notice ;
----------------
Copyright (C) 2018  Intel Corporation. All rights reserved.
Your use of Intel Corporation's design tools, logic functions 
and other software and tools, and its AMPP partner logic 
functions, and any output files from any of the foregoing 
(including device programming or simulation files), and any 
associated documentation or information are expressly subject 
to the terms and conditions of the Intel Program License 
Subscription Agreement, the Intel Quartus Prime License Agreement,
the Intel FPGA IP License Agreement, or other applicable license
agreement, including, without limitation, that your use is for
the sole purpose of programming logic devices manufactured by
Intel and sold by Intel or its authorized distributors.  Please
refer to the applicable agreement for further details.



+----------------------------------------------------------------------------------+
; Flow Summary                                                                     ;
+------------------------------------+---------------------------------------------+
; Flow Status                        ; Successful - Tue Oct 01 18:53:48 2019       ;
; Quartus Prime Version              ; 18.1.0 Build 625 09/12/2018 SJ Lite Edition ;
; Revision Name                      ; hl2b5up                                     ;
; Top-level Entity Name              ; hermeslite                                  ;
; Family                             ; Cyclone IV E                                ;
; Device                             ; EP4CE22E22C8                                ;
; Timing Models                      ; Final                                       ;
; Total logic elements               ; 20,085 / 22,320 ( 90 % )                    ;
;     Total combinational functions  ; 15,170 / 22,320 ( 68 % )                    ;
;     Dedicated logic registers      ; 15,933 / 22,320 ( 71 % )                    ;
; Total registers                    ; 15971                                       ;
; Total pins                         ; 80 / 80 ( 100 % )                           ;
; Total virtual pins                 ; 0                                           ;
; Total memory bits                  ; 342,544 / 608,256 ( 56 % )                  ;
; Embedded Multiplier 9-bit elements ; 92 / 132 ( 70 % )                           ;
; Total PLLs                         ; 2 / 4 ( 50 % )                              ;
+------------------------------------+---------------------------------------------+


+-----------------------------------------+
; Flow Settings                           ;
+-------------------+---------------------+
; Option            ; Setting             ;
+-------------------+---------------------+
; Start date & time ; 10/01/2019 18:44:03 ;
; Main task         ; Compilation         ;
; Revision Name     ; hl2b5up             ;
+-------------------+---------------------+


+-------------------------------------------------------------------------------------------------------------------------+
; Flow Non-Default Global Settings                                                                                        ;
+-------------------------------------+----------------------------------------+---------------+-------------+------------+
; Assignment Name                     ; Value                                  ; Default Value ; Entity Name ; Section Id ;
+-------------------------------------+----------------------------------------+---------------+-------------+------------+
; ALLOW_REGISTER_RETIMING             ; Off                                    ; On            ; --          ; --         ;
; COMPILER_SIGNATURE_ID               ; 268883491400659.156994824304144        ; --            ; --          ; --         ;
; FITTER_EFFORT                       ; Standard Fit                           ; Auto Fit      ; --          ; --         ;
; MAX_CORE_JUNCTION_TEMP              ; 85                                     ; --            ; --          ; --         ;
; MIN_CORE_JUNCTION_TEMP              ; 0                                      ; --            ; --          ; --         ;
; OPTIMIZATION_MODE                   ; High Performance Effort                ; Balanced      ; --          ; --         ;
; OUTPUT_IO_TIMING_FAR_END_VMEAS      ; Half Signal Swing                      ; --            ; --          ; --         ;
; OUTPUT_IO_TIMING_FAR_END_VMEAS      ; Half Signal Swing                      ; --            ; --          ; --         ;
; OUTPUT_IO_TIMING_NEAR_END_VMEAS     ; Half Vccio                             ; --            ; --          ; --         ;
; OUTPUT_IO_TIMING_NEAR_END_VMEAS     ; Half Vccio                             ; --            ; --          ; --         ;
; PARTITION_COLOR                     ; -- (Not supported for targeted family) ; --            ; hermeslite  ; Top        ;
; PARTITION_FITTER_PRESERVATION_LEVEL ; -- (Not supported for targeted family) ; --            ; hermeslite  ; Top        ;
; PARTITION_NETLIST_TYPE              ; -- (Not supported for targeted family) ; --            ; hermeslite  ; Top        ;
; PHYSICAL_SYNTHESIS_COMBO_LOGIC      ; On                                     ; Off           ; --          ; --         ;
; PLACEMENT_EFFORT_MULTIPLIER         ; 4.0                                    ; 1.0           ; --          ; --         ;
; POWER_BOARD_THERMAL_MODEL           ; None (CONSERVATIVE)                    ; --            ; --          ; --         ;
; POWER_PRESET_COOLING_SOLUTION       ; 23 MM HEAT SINK WITH 200 LFPM AIRFLOW  ; --            ; --          ; --         ;
; PROJECT_OUTPUT_DIRECTORY            ; hl2b5up                                ; --            ; --          ; --         ;
; ROUTER_TIMING_OPTIMIZATION_LEVEL    ; MAXIMUM                                ; Normal        ; --          ; --         ;
; TOP_LEVEL_ENTITY                    ; hermeslite                             ; hl2b5up       ; --          ; --         ;
; VERILOG_INPUT_VERSION               ; SystemVerilog_2005                     ; Verilog_2001  ; --          ; --         ;
; VERILOG_MACRO                       ; BETA5=1                                ; --            ; --          ; --         ;
; VERILOG_MACRO                       ; USE_ALTSYNCRAM=1                       ; --            ; --          ; --         ;
; VERILOG_SHOW_LMF_MAPPING_MESSAGES   ; Off                                    ; --            ; --          ; --         ;
+-------------------------------------+----------------------------------------+---------------+-------------+------------+


+--------------------------------------------------------------------------------------------------------------------------+
; Flow Elapsed Time                                                                                                        ;
+----------------------+--------------+-------------------------+---------------------+------------------------------------+
; Module Name          ; Elapsed Time ; Average Processors Used ; Peak Virtual Memory ; Total CPU Time (on all processors) ;
+----------------------+--------------+-------------------------+---------------------+------------------------------------+
; Analysis & Synthesis ; 00:02:32     ; 1.0                     ; 5032 MB             ; 00:02:49                           ;
; Fitter               ; 00:06:55     ; 1.0                     ; 5660 MB             ; 00:10:37                           ;
; Assembler            ; 00:00:04     ; 1.0                     ; 4761 MB             ; 00:00:04                           ;
; Timing Analyzer      ; 00:00:19     ; 1.3                     ; 4974 MB             ; 00:00:22                           ;
; Total                ; 00:09:50     ; --                      ; --                  ; 00:13:52                           ;
+----------------------+--------------+-------------------------+---------------------+------------------------------------+


+------------------------------------------------------------------------------------+
; Flow OS Summary                                                                    ;
+----------------------+------------------+------------+------------+----------------+
; Module Name          ; Machine Hostname ; OS Name    ; OS Version ; Processor type ;
+----------------------+------------------+------------+------------+----------------+
; Analysis & Synthesis ; LAPTOP-E9KMQT1S  ; Windows 10 ; 10.0       ; x86_64         ;
; Fitter               ; LAPTOP-E9KMQT1S  ; Windows 10 ; 10.0       ; x86_64         ;
; Assembler            ; LAPTOP-E9KMQT1S  ; Windows 10 ; 10.0       ; x86_64         ;
; Timing Analyzer      ; LAPTOP-E9KMQT1S  ; Windows 10 ; 10.0       ; x86_64         ;
+----------------------+------------------+------------+------------+----------------+


------------
; Flow Log ;
------------
quartus_map --read_settings_files=on --write_settings_files=off hermeslite -c hl2b5up
quartus_fit --read_settings_files=off --write_settings_files=off hermeslite -c hl2b5up
quartus_asm --read_settings_files=off --write_settings_files=off hermeslite -c hl2b5up
quartus_sta hermeslite -c hl2b5up



