Assembler report for radioberry-10CL016
Sat Apr 28 19:01:35 2018
Quartus Prime Version 17.0.2 Build 602 07/19/2017 SJ Lite Edition


---------------------
; Table of Contents ;
---------------------
  1. Legal Notice
  2. Assembler Summary
  3. Assembler Settings
  4. Assembler Generated Files
  5. Assembler Device Options: C:/dev/git/Radioberry-2.x/firmware/output_files/radioberry-10CL016.sof
  6. Assembler Device Options: C:/dev/git/Radioberry-2.x/firmware/output_files/radioberry-10CL016.rbf
  7. Assembler Messages



----------------
; Legal Notice ;
----------------
Copyright (C) 2017  Intel Corporation. All rights reserved.
Your use of Intel Corporation's design tools, logic functions 
and other software and tools, and its AMPP partner logic 
functions, and any output files from any of the foregoing 
(including device programming or simulation files), and any 
associated documentation or information are expressly subject 
to the terms and conditions of the Intel Program License 
Subscription Agreement, the Intel Quartus Prime License Agreement,
the Intel MegaCore Function License Agreement, or other 
applicable license agreement, including, without limitation, 
that your use is for the sole purpose of programming logic 
devices manufactured by Intel and sold by Intel or its 
authorized distributors.  Please refer to the applicable 
agreement for further details.



+---------------------------------------------------------------+
; Assembler Summary                                             ;
+-----------------------+---------------------------------------+
; Assembler Status      ; Successful - Sat Apr 28 19:01:35 2018 ;
; Revision Name         ; radioberry-10CL016                    ;
; Top-level Entity Name ; radioberry                            ;
; Family                ; Cyclone 10 LP                         ;
; Device                ; 10CL016YE144C8G                       ;
+-----------------------+---------------------------------------+


+----------------------------------+
; Assembler Settings               ;
+--------+---------+---------------+
; Option ; Setting ; Default Value ;
+--------+---------+---------------+


+------------------------------------------------------------------------+
; Assembler Generated Files                                              ;
+------------------------------------------------------------------------+
; File Name                                                              ;
+------------------------------------------------------------------------+
; C:/dev/git/Radioberry-2.x/firmware/output_files/radioberry-10CL016.sof ;
; C:/dev/git/Radioberry-2.x/firmware/output_files/radioberry-10CL016.rbf ;
+------------------------------------------------------------------------+


+--------------------------------------------------------------------------------------------------+
; Assembler Device Options: C:/dev/git/Radioberry-2.x/firmware/output_files/radioberry-10CL016.sof ;
+----------------+---------------------------------------------------------------------------------+
; Option         ; Setting                                                                         ;
+----------------+---------------------------------------------------------------------------------+
; JTAG usercode  ; 0x00A1E236                                                                      ;
; Checksum       ; 0x00A1E236                                                                      ;
+----------------+---------------------------------------------------------------------------------+


+--------------------------------------------------------------------------------------------------+
; Assembler Device Options: C:/dev/git/Radioberry-2.x/firmware/output_files/radioberry-10CL016.rbf ;
+---------------------+----------------------------------------------------------------------------+
; Option              ; Setting                                                                    ;
+---------------------+----------------------------------------------------------------------------+
; Raw Binary File     ;                                                                            ;
;  Compression Ratio  ; 1                                                                          ;
+---------------------+----------------------------------------------------------------------------+


+--------------------+
; Assembler Messages ;
+--------------------+
Info: *******************************************************************
Info: Running Quartus Prime Assembler
    Info: Version 17.0.2 Build 602 07/19/2017 SJ Lite Edition
    Info: Processing started: Sat Apr 28 19:01:32 2018
Info: Command: quartus_asm --read_settings_files=off --write_settings_files=off radioberry -c radioberry-10CL016
Warning (18236): Number of processors has not been specified which may cause overloading on shared machines.  Set the global assignment NUM_PARALLEL_PROCESSORS in your QSF to an appropriate value for best performance.
Info (115031): Writing out detailed assembly data for power analysis
Info (115030): Assembler is generating device programming files
Info: Quartus Prime Assembler was successful. 0 errors, 1 warning
    Info: Peak virtual memory: 655 megabytes
    Info: Processing ended: Sat Apr 28 19:01:35 2018
    Info: Elapsed time: 00:00:03
    Info: Total CPU time (on all processors): 00:00:03


